#
# A fatal error has been detected by the Java Runtime Environment:
#
#  EXCEPTION_ACCESS_VIOLATION (0xc0000005) at pc=0x00007ffab563fa2a, pid=17852, tid=8528
#
# JRE version: OpenJDK Runtime Environment Temurin-17.0.4.1+1 (17.0.4.1+1) (build 17.0.4.1+1)
# Java VM: OpenJDK 64-Bit Server VM Temurin-17.0.4.1+1 (17.0.4.1+1, mixed mode, emulated-client, tiered, compressed oops, compressed class ptrs, g1 gc, windows-amd64)
# Problematic frame:
# V  [jvm.dll+0x79fa2a]
#
# No core dump will be written. Minidumps are not enabled by default on client versions of Windows
#
# If you would like to submit a bug report, please visit:
#   https://github.com/adoptium/adoptium-support/issues
#

---------------  S U M M A R Y ------------

Command Line: -XX:+ShowCodeDetailsInExceptionMessages -agentlib:jdwp=transport=dt_socket,suspend=y,address=localhost:57415 -Dcom.sun.management.jmxremote -Dcom.sun.management.jmxremote.port=57413 -Dcom.sun.management.jmxremote.authenticate=false -Dcom.sun.management.jmxremote.ssl=false -Djava.rmi.server.hostname=localhost -Dspring.jmx.enabled=true -Dspring.application.admin.enabled=true -XX:TieredStopAtLevel=1 -Dspring.boot.project.name=Pandemic -javaagent:E:\Programas\Spring\sts-4.16.0.RELEASE\configuration\org.eclipse.osgi\268\0\.cp\lib\javaagent-shaded.jar -Dfile.encoding=UTF-8 es.project.Pandemic.Aplicacion.PandemicAplicacion --spring.output.ansi.enabled=always

Host: Intel(R) Core(TM) i9-9900K CPU @ 3.60GHz, 16 cores, 15G,  Windows 10 , 64 bit Build 19041 (10.0.19041.1889)
Time: Wed Dec 28 13:26:05 2022 Hora estándar romance elapsed time: 194.688496 seconds (0d 0h 3m 14s)

---------------  T H R E A D  ---------------

Current thread (0x0000022baef0f400):  JavaThread "JDWP Transport Listener: dt_socket" daemon [_thread_in_vm, id=8528, stack(0x0000008b83500000,0x0000008b83600000)]

Stack: [0x0000008b83500000,0x0000008b83600000],  sp=0x0000008b835ff440,  free space=1021k
Native frames: (J=compiled Java code, j=interpreted, Vv=VM code, C=native code)
V  [jvm.dll+0x79fa2a]
V  [jvm.dll+0x50965c]
V  [jvm.dll+0x4d0cc4]
C  [jdwp.dll+0x22f7b]


siginfo: EXCEPTION_ACCESS_VIOLATION (0xc0000005), reading address 0x00000000008e000b


Register to memory mapping:

RIP=0x00007ffab563fa2a jvm.dll
RAX=0x000000000000008f is an unknown value
RBX=0x0000022baee7ab55 points into unknown readable memory: 3b 00 64
RCX=0x00000000008e0007 is an unknown value
RDX=0x0000022bb35ff080 points into unknown readable memory: 0x6a6f72702f73654c | 4c 65 73 2f 70 72 6f 6a
RSP=0x0000008b835ff440 is pointing into the stack for thread: 0x0000022baef0f400
RBP=0x0000022baef00610 points into unknown readable memory: 0x0000000000000002 | 02 00 00 00 00 00 00 00
RSI=0x0 is NULL
RDI=0xffffffffffffffff is an unknown value
R8 =0x00000000000000d7 is an unknown value
R9 =0x0000000000000040 is an unknown value
R10=0x00000000000000c0 is an unknown value
R11=0x0000008b835ff460 is pointing into the stack for thread: 0x0000022baef0f400
R12=0x0000008b835ff598 is pointing into the stack for thread: 0x0000022baef0f400
R13=0x0 is NULL
R14=0x00000008003ca1f8 is a pointer to class: 
es.project.Pandemic.Entidades.Cita {0x00000008003ca200}
 - instance size:     8
 - klass size:        87
 - access:            public synchronized 
 - state:             fully_initialized
 - name:              'es/project/Pandemic/Entidades/Cita'
 - super:             'java/lang/Object'
 - sub:               'es/project/Pandemic/Entidades/Cita$HibernateProxy$4AJxaPPn'   
 - arrays:            NULL
 - methods:           Array<T>(0x0000022bb658ca08)
 - method ordering:   Array<T>(0x0000022bb658da58)
 - default_methods:   Array<T>(0x0000000000000000)
 - local interfaces:  Array<T>(0x0000022bb2243d48)
 - trans. interfaces: Array<T>(0x0000022bb2243d48)
 - constants:         constant pool [148] {0x0000022bb6447098} for 'es/project/Pandemic/Entidades/Cita' cache=0x0000022bb6447578
 - class loader data:  loader data: 0x0000022bb0a32c70 for instance a 'org/springframework/boot/devtools/restart/classloader/RestartClassLoader'{0x0000000701c01558}
 - source file:       'Cita.java'
 - source debug extension:       SMAP
Cita.java
Java
*S jdt
*F
1 Cita.java
2 file:/C:/Users/Fernando/Desktop/TFG%20Nuevo/BackConWebSecurityConfigurer/target/classes/
*L
*E

 - class annotations:       Array<T>(0x0000022bb658da20)
 - class type annotations:  Array<T>(0x0000000000000000)
 - field annotations:       Array<T>(0x0000022bb658c8a8)
 - field type annotations:  Array<T>(0x0000000000000000)
 - generic signature: '
[error occurred during error reporting (printing register info), id 0xc0000005, EXCEPTION_ACCESS_VIOLATION (0xc0000005) at pc=0x00007ffab5640636]

Registers:
RAX=0x000000000000008f, RBX=0x0000022baee7ab55, RCX=0x00000000008e0007, RDX=0x0000022bb35ff080
RSP=0x0000008b835ff440, RBP=0x0000022baef00610, RSI=0x0000000000000000, RDI=0xffffffffffffffff
R8 =0x00000000000000d7, R9 =0x0000000000000040, R10=0x00000000000000c0, R11=0x0000008b835ff460
R12=0x0000008b835ff598, R13=0x0000000000000000, R14=0x00000008003ca1f8, R15=0x0000008b835ff5e8
RIP=0x00007ffab563fa2a, EFLAGS=0x0000000000010202

Top of Stack: (sp=0x0000008b835ff440)
0x0000008b835ff440:   0000000000000022 00000008003ca1f8
0x0000008b835ff450:   0000022baef0f400 0000000000000000
0x0000008b835ff460:   ffffffffffffffff 00007ffab53a965c
0x0000008b835ff470:   0000022baee7ab55 0000022baee7ab30
0x0000008b835ff480:   0000022baef00610 0000022bb0a977e0
0x0000008b835ff490:   0000022baee7aaf0 00000000000003d8
0x0000008b835ff4a0:   0000022baee7ab00 0000022baee7aed8
0x0000008b835ff4b0:   0000000000000002 0000008b835ff598
0x0000008b835ff4c0:   0000000000000000 0000000000000000
0x0000008b835ff4d0:   0000000701bb5738 00007ffab5370cc4
0x0000008b835ff4e0:   0000022baef0f400 0000008b835ff5e8
0x0000008b835ff4f0:   0000022b98e44570 0000008b835ff5e8
0x0000008b835ff500:   0000022baef0f400 0000000000000000
0x0000008b835ff510:   0000022b00000000 0000000000000000
0x0000008b835ff520:   000000000000000d 00007ffb4ce02f7b
0x0000008b835ff530:   0000008b835ff5e0 00007ffb4ce11600 

Instructions: (pc=0x00007ffab563fa2a)
0x00007ffab563f92a:   48 83 c4 20 5f e9 bc 69 90 ff cc cc cc cc cc cc
0x00007ffab563f93a:   cc cc cc cc cc cc 48 89 5c 24 08 57 48 83 ec 20
0x00007ffab563f94a:   83 fa 02 8d 42 06 b9 08 00 00 00 49 8b d8 0f 4e
0x00007ffab563f95a:   c1 48 63 c8 48 83 c1 07 83 e1 f8 48 63 f9 49 8b
0x00007ffab563f96a:   48 18 48 8b c7 48 f7 d0 48 3b c1 73 16 4c 8d 05
0x00007ffab563f97a:   ba 58 17 00 48 8b d7 48 8b cb e8 c7 cc 90 ff 48
0x00007ffab563f98a:   8b 4b 18 48 8d 04 39 48 3b 43 20 76 18 45 33 c0
0x00007ffab563f99a:   48 8b d7 48 8b cb 48 8b 5c 24 30 48 83 c4 20 5f
0x00007ffab563f9aa:   e9 21 c9 90 ff 48 89 43 18 48 8b c1 48 8b 5c 24
0x00007ffab563f9ba:   30 48 83 c4 20 5f c3 cc cc cc cc cc cc cc cc cc
0x00007ffab563f9ca:   cc cc cc cc cc cc 4c 8b d2 4c 8b d9 45 85 c0 7e
0x00007ffab563f9da:   3c 44 0f b7 49 04 41 8d 40 ff 41 3b c1 44 0f 4c
0x00007ffab563f9ea:   c8 4d 63 c1 45 85 c9 7e 1f 48 8b c2 4c 2b da 49
0x00007ffab563f9fa:   8b d0 0f 1f 40 00 41 0f b6 4c 03 06 88 08 48 8d
0x00007ffab563fa0a:   40 01 48 83 ea 01 75 ee 43 c6 04 10 00 49 8b c2
0x00007ffab563fa1a:   c3 cc cc cc cc cc 48 89 5c 24 08 57 48 83 ec 20
0x00007ffab563fa2a:   0f b7 59 04 48 8b f9 33 d2 48 8d 4b 01 e8 f4 d9
0x00007ffab563fa3a:   f2 ff 0f b7 57 04 4c 8b c0 3b da 0f 42 d3 44 8b
0x00007ffab563fa4a:   ca 85 d2 74 39 48 2b f8 0f 1f 40 00 66 66 0f 1f
0x00007ffab563fa5a:   84 00 00 00 00 00 0f b6 4c 07 06 88 08 48 ff c0
0x00007ffab563fa6a:   48 8b c8 49 2b c8 49 3b c9 7c eb 42 c6 04 02 00
0x00007ffab563fa7a:   49 8b c0 48 8b 5c 24 30 48 83 c4 20 5f c3 48 8b
0x00007ffab563fa8a:   5c 24 30 c6 04 02 00 48 83 c4 20 5f c3 cc cc cc
0x00007ffab563fa9a:   cc cc cc cc cc cc 4c 8b d1 45 85 c0 7e 6c 44 0f
0x00007ffab563faaa:   b7 49 04 41 8d 40 ff 41 3b c1 44 0f 4c c8 4d 63
0x00007ffab563faba:   d9 45 85 c9 7e 22 48 8b ca 4c 2b d2 4d 8b c3 0f
0x00007ffab563faca:   1f 80 00 00 00 00 41 0f b6 44 0a 06 88 01 48 8d
0x00007ffab563fada:   49 01 49 83 e8 01 75 ee 41 c6 04 13 00 48 c7 c0
0x00007ffab563faea:   ff ff ff ff 66 90 48 ff c0 80 3c 02 00 75 f7 48
0x00007ffab563fafa:   63 c8 85 c0 48 8b c2 7e 14 80 38 2f 75 03 c6 00
0x00007ffab563fb0a:   2e 48 ff c0 48 83 e9 01 75 ef 48 8b c2 c3 cc cc
0x00007ffab563fb1a:   cc cc cc cc cc cc 48 83 ec 28 e8 f7 fe ff ff 4c 


Stack slot to memory mapping:
stack at sp + 0 slots: 0x0000000000000022 is an unknown value
stack at sp + 1 slots: 0x00000008003ca1f8 is a pointer to class: 
es.project.Pandemic.Entidades.Cita {0x00000008003ca200}
 - instance size:     8
 - klass size:        87
 - access:            public synchronized 
 - state:             fully_initialized
 - name:              'es/project/Pandemic/Entidades/Cita'
 - super:             'java/lang/Object'
 - sub:               'es/project/Pandemic/Entidades/Cita$HibernateProxy$4AJxaPPn'   
 - arrays:            NULL
 - methods:           Array<T>(0x0000022bb658ca08)
 - method ordering:   Array<T>(0x0000022bb658da58)
 - default_methods:   Array<T>(0x0000000000000000)
 - local interfaces:  Array<T>(0x0000022bb2243d48)
 - trans. interfaces: Array<T>(0x0000022bb2243d48)
 - constants:         constant pool [148] {0x0000022bb6447098} for 'es/project/Pandemic/Entidades/Cita' cache=0x0000022bb6447578
 - class loader data:  loader data: 0x0000022bb0a32c70 for instance a 'org/springframework/boot/devtools/restart/classloader/RestartClassLoader'{0x0000000701c01558}
 - source file:       'Cita.java'
 - source debug extension:       SMAP
Cita.java
Java
*S jdt
*F
1 Cita.java
2 file:/C:/Users/Fernando/Desktop/TFG%20Nuevo/BackConWebSecurityConfigurer/target/classes/
*L
*E

 - class annotations:       Array<T>(0x0000022bb658da20)
 - class type annotations:  Array<T>(0x0000000000000000)
 - field annotations:       Array<T>(0x0000022bb658c8a8)
 - field type annotations:  Array<T>(0x0000000000000000)
 - generic signature: '
[error occurred during error reporting (inspecting top of stack), id 0xc0000005, EXCEPTION_ACCESS_VIOLATION (0xc0000005) at pc=0x00007ffab5640636]


---------------  P R O C E S S  ---------------

Threads class SMR info:
_java_thread_list=0x0000022bafa06c30, length=38, elements={
0x0000022baec5b380, 0x0000022baec5c100, 0x0000022baec958f0, 0x0000022baeca70c0,
0x0000022baeca8fb0, 0x0000022baecab0a0, 0x0000022baecaee60, 0x0000022baecb7770,
0x0000022baed8e5d0, 0x0000022baef0f400, 0x0000022baef102a0, 0x0000022baef10d90,
0x0000022baf8d6c90, 0x0000022baf9f8810, 0x0000022bafacd720, 0x0000022bafaf0c80,
0x0000022bb090af00, 0x0000022bb092afd0, 0x0000022bb0a91a00, 0x0000022bb0a91ed0,
0x0000022bb34690a0, 0x0000022bb346a3e0, 0x0000022bb3468700, 0x0000022bb3465bb0,
0x0000022bb3463530, 0x0000022bb346a8b0, 0x0000022bb34673c0, 0x0000022bb3467890,
0x0000022bb3469570, 0x0000022bb3463060, 0x0000022bb3463ed0, 0x0000022bb3466080,
0x0000022bb3464d40, 0x0000022bb3469a40, 0x0000022bb3463a00, 0x0000022bb3468230,
0x0000022bb34643a0, 0x0000022bb3467d60
}

Java Threads: ( => current thread )
  0x0000022baec5b380 JavaThread "Reference Handler" daemon [_thread_blocked, id=18904, stack(0x0000008b82700000,0x0000008b82800000)]
  0x0000022baec5c100 JavaThread "Finalizer" daemon [_thread_blocked, id=12448, stack(0x0000008b82800000,0x0000008b82900000)]
  0x0000022baec958f0 JavaThread "Signal Dispatcher" daemon [_thread_blocked, id=18496, stack(0x0000008b82900000,0x0000008b82a00000)]
  0x0000022baeca70c0 JavaThread "Attach Listener" daemon [_thread_blocked, id=916, stack(0x0000008b82a00000,0x0000008b82b00000)]
  0x0000022baeca8fb0 JavaThread "Service Thread" daemon [_thread_blocked, id=8756, stack(0x0000008b82b00000,0x0000008b82c00000)]
  0x0000022baecab0a0 JavaThread "Monitor Deflation Thread" daemon [_thread_blocked, id=7748, stack(0x0000008b82c00000,0x0000008b82d00000)]
  0x0000022baecaee60 JavaThread "C1 CompilerThread0" daemon [_thread_blocked, id=804, stack(0x0000008b82d00000,0x0000008b82e00000)]
  0x0000022baecb7770 JavaThread "Sweeper thread" daemon [_thread_blocked, id=18640, stack(0x0000008b82e00000,0x0000008b82f00000)]
  0x0000022baed8e5d0 JavaThread "Common-Cleaner" daemon [_thread_blocked, id=3912, stack(0x0000008b82f00000,0x0000008b83000000)]
=>0x0000022baef0f400 JavaThread "JDWP Transport Listener: dt_socket" daemon [_thread_in_vm, id=8528, stack(0x0000008b83500000,0x0000008b83600000)]
  0x0000022baef102a0 JavaThread "JDWP Event Helper Thread" daemon [_thread_blocked, id=17324, stack(0x0000008b83600000,0x0000008b83700000)]
  0x0000022baef10d90 JavaThread "JDWP Command Reader" daemon [_thread_in_native, id=1792, stack(0x0000008b83700000,0x0000008b83800000)]
  0x0000022baf8d6c90 JavaThread "Notification Thread" daemon [_thread_blocked, id=8424, stack(0x0000008b83800000,0x0000008b83900000)]
  0x0000022baf9f8810 JavaThread "RMI TCP Accept-0" daemon [_thread_in_native, id=18560, stack(0x0000008b83900000,0x0000008b83a00000)]
  0x0000022bafacd720 JavaThread "RMI TCP Accept-57413" daemon [_thread_in_native, id=12076, stack(0x0000008b83a00000,0x0000008b83b00000)]
  0x0000022bafaf0c80 JavaThread "RMI TCP Accept-0" daemon [_thread_in_native, id=9056, stack(0x0000008b83b00000,0x0000008b83c00000)]
  0x0000022bb090af00 JavaThread "RMI Scheduler(0)" daemon [_thread_blocked, id=2200, stack(0x0000008b84700000,0x0000008b84800000)]
  0x0000022bb092afd0 JavaThread "JMX server connection timeout 33" daemon [_thread_blocked, id=14040, stack(0x0000008b84900000,0x0000008b84a00000)]
  0x0000022bb0a91a00 JavaThread "HikariPool-1 housekeeper" daemon [_thread_blocked, id=2948, stack(0x0000008b85700000,0x0000008b85800000)]
  0x0000022bb0a91ed0 JavaThread "Catalina-utility-1" [_thread_blocked, id=6576, stack(0x0000008b85900000,0x0000008b85a00000)]
  0x0000022bb34690a0 JavaThread "Catalina-utility-2" [_thread_blocked, id=5924, stack(0x0000008b85a00000,0x0000008b85b00000)]
  0x0000022bb346a3e0 JavaThread "container-0" [_thread_blocked, id=19112, stack(0x0000008b85b00000,0x0000008b85c00000)]
  0x0000022bb3468700 JavaThread "Live Reload Server" daemon [_thread_in_native, id=17576, stack(0x0000008b85d00000,0x0000008b85e00000)]
  0x0000022bb3465bb0 JavaThread "File Watcher" daemon [_thread_blocked, id=11792, stack(0x0000008b85c00000,0x0000008b85d00000)]
  0x0000022bb3463530 JavaThread "http-nio-8080-exec-1" daemon [_thread_blocked, id=9276, stack(0x0000008b85e00000,0x0000008b85f00000)]
  0x0000022bb346a8b0 JavaThread "http-nio-8080-exec-2" daemon [_thread_blocked, id=11244, stack(0x0000008b85f00000,0x0000008b86000000)]
  0x0000022bb34673c0 JavaThread "http-nio-8080-exec-3" daemon [_thread_blocked, id=19060, stack(0x0000008b86000000,0x0000008b86100000)]
  0x0000022bb3467890 JavaThread "http-nio-8080-exec-4" daemon [_thread_blocked, id=16580, stack(0x0000008b86100000,0x0000008b86200000)]
  0x0000022bb3469570 JavaThread "http-nio-8080-exec-5" daemon [_thread_blocked, id=19260, stack(0x0000008b86200000,0x0000008b86300000)]
  0x0000022bb3463060 JavaThread "http-nio-8080-exec-6" daemon [_thread_blocked, id=18688, stack(0x0000008b86300000,0x0000008b86400000)]
  0x0000022bb3463ed0 JavaThread "http-nio-8080-exec-7" daemon [_thread_blocked, id=17468, stack(0x0000008b86400000,0x0000008b86500000)]
  0x0000022bb3466080 JavaThread "http-nio-8080-exec-8" daemon [_thread_blocked, id=17836, stack(0x0000008b86500000,0x0000008b86600000)]
  0x0000022bb3464d40 JavaThread "http-nio-8080-exec-9" daemon [_thread_blocked, id=4448, stack(0x0000008b86600000,0x0000008b86700000)]
  0x0000022bb3469a40 JavaThread "http-nio-8080-exec-10" daemon [_thread_blocked, id=15292, stack(0x0000008b86700000,0x0000008b86800000)]
  0x0000022bb3463a00 JavaThread "http-nio-8080-Poller" daemon [_thread_in_native, id=13996, stack(0x0000008b86800000,0x0000008b86900000)]
  0x0000022bb3468230 JavaThread "http-nio-8080-Acceptor" daemon [_thread_in_native, id=328, stack(0x0000008b86900000,0x0000008b86a00000)]
  0x0000022bb34643a0 JavaThread "DestroyJavaVM" [_thread_blocked, id=17940, stack(0x0000008b82000000,0x0000008b82100000)]
  0x0000022bb3467d60 JavaThread "RMI TCP Connection(12)-127.0.0.1" daemon [_thread_in_native, id=6508, stack(0x0000008b86e00000,0x0000008b86f00000)]

Other Threads:
  0x0000022bae33eb10 VMThread "VM Thread" [stack: 0x0000008b82600000,0x0000008b82700000] [id=4920]
  0x0000022baf9f7cd0 WatcherThread [stack: 0x0000008b83c00000,0x0000008b83d00000] [id=17384]
  0x0000022b98ebf040 GCTaskThread "GC Thread#0" [stack: 0x0000008b82100000,0x0000008b82200000] [id=1760]
  0x0000022bafaf4bf0 GCTaskThread "GC Thread#1" [stack: 0x0000008b83d00000,0x0000008b83e00000] [id=9572]
  0x0000022bafaf4ea0 GCTaskThread "GC Thread#2" [stack: 0x0000008b83e00000,0x0000008b83f00000] [id=13364]
  0x0000022bafaf5150 GCTaskThread "GC Thread#3" [stack: 0x0000008b83f00000,0x0000008b84000000] [id=3168]
  0x0000022bafbb6490 GCTaskThread "GC Thread#4" [stack: 0x0000008b84000000,0x0000008b84100000] [id=18916]
  0x0000022bafbb6740 GCTaskThread "GC Thread#5" [stack: 0x0000008b84100000,0x0000008b84200000] [id=12780]
  0x0000022bafba0220 GCTaskThread "GC Thread#6" [stack: 0x0000008b84200000,0x0000008b84300000] [id=18444]
  0x0000022bafba04d0 GCTaskThread "GC Thread#7" [stack: 0x0000008b84300000,0x0000008b84400000] [id=13624]
  0x0000022bafba0780 GCTaskThread "GC Thread#8" [stack: 0x0000008b84400000,0x0000008b84500000] [id=4100]
  0x0000022bafba2a40 GCTaskThread "GC Thread#9" [stack: 0x0000008b84500000,0x0000008b84600000] [id=13224]
  0x0000022bb0a2d8d0 GCTaskThread "GC Thread#10" [stack: 0x0000008b84f00000,0x0000008b85000000] [id=17152]
  0x0000022bb0aaf420 GCTaskThread "GC Thread#11" [stack: 0x0000008b85000000,0x0000008b85100000] [id=18040]
  0x0000022bb0aafce0 GCTaskThread "GC Thread#12" [stack: 0x0000008b85100000,0x0000008b85200000] [id=18800]
  0x0000022b98ed1500 ConcurrentGCThread "G1 Main Marker" [stack: 0x0000008b82200000,0x0000008b82300000] [id=13488]
  0x0000022b98ed1e20 ConcurrentGCThread "G1 Conc#0" [stack: 0x0000008b82300000,0x0000008b82400000] [id=924]
  0x0000022bb0cb64b0 ConcurrentGCThread "G1 Conc#1" [stack: 0x0000008b85400000,0x0000008b85500000] [id=17728]
  0x0000022bb0cb6200 ConcurrentGCThread "G1 Conc#2" [stack: 0x0000008b85500000,0x0000008b85600000] [id=18952]
  0x0000022bae1df550 ConcurrentGCThread "G1 Refine#0" [stack: 0x0000008b82400000,0x0000008b82500000] [id=14792]
  0x0000022bae1dfd80 ConcurrentGCThread "G1 Service" [stack: 0x0000008b82500000,0x0000008b82600000] [id=5532]

Threads with active compile tasks:

VM state: not at safepoint (normal execution)

VM Mutex/Monitor currently owned by a thread: None

Heap address: 0x0000000701400000, size: 4076 MB, Compressed Oops mode: Zero based, Oop shift amount: 3

CDS archive(s) not mapped
Compressed class space mapped at: 0x0000000800000000-0x0000000840000000, reserved size: 1073741824
Narrow klass base: 0x0000000800000000, Narrow klass shift: 0, Narrow klass range: 0x40000000

GC Precious Log:
 CPUs: 16 total, 16 available
 Memory: 16302M
 Large Page Support: Disabled
 NUMA Support: Disabled
 Compressed Oops: Enabled (Zero based)
 Heap Region Size: 2M
 Heap Min Capacity: 8M
 Heap Initial Capacity: 256M
 Heap Max Capacity: 4076M
 Pre-touch: Disabled
 Parallel Workers: 13
 Concurrent Workers: 3
 Concurrent Refinement Workers: 13
 Periodic GC: Disabled

Heap:
 garbage-first heap   total 192512K, used 65480K [0x0000000701400000, 0x0000000800000000)
  region size 2048K, 20 young (40960K), 3 survivors (6144K)
 Metaspace       used 72149K, committed 72704K, reserved 1114112K
  class space    used 9734K, committed 9984K, reserved 1048576K

Heap Regions: E=young(eden), S=young(survivor), O=old, HS=humongous(starts), HC=humongous(continues), CS=collection set, F=free, OA=open archive, CA=closed archive, TAMS=top-at-mark-start (previous, next)
|   0|0x0000000701400000, 0x0000000701600000, 0x0000000701600000|100%| O|  |TAMS 0x0000000701600000, 0x0000000701400000| Untracked 
|   1|0x0000000701600000, 0x0000000701800000, 0x0000000701800000|100%| O|  |TAMS 0x0000000701800000, 0x0000000701600000| Untracked 
|   2|0x0000000701800000, 0x0000000701a00000, 0x0000000701a00000|100%| O|  |TAMS 0x0000000701a00000, 0x0000000701800000| Untracked 
|   3|0x0000000701a00000, 0x0000000701c00000, 0x0000000701c00000|100%| O|  |TAMS 0x0000000701c00000, 0x0000000701a00000| Untracked 
|   4|0x0000000701c00000, 0x0000000701e00000, 0x0000000701e00000|100%| O|  |TAMS 0x0000000701e00000, 0x0000000701c00000| Untracked 
|   5|0x0000000701e00000, 0x0000000702000000, 0x0000000702000000|100%| O|  |TAMS 0x0000000701e00000, 0x0000000701e00000| Untracked 
|   6|0x0000000702000000, 0x000000070213a000, 0x0000000702200000| 61%| O|  |TAMS 0x0000000702000000, 0x0000000702000000| Untracked 
|   7|0x0000000702200000, 0x0000000702200000, 0x0000000702400000|  0%| F|  |TAMS 0x0000000702200000, 0x0000000702200000| Untracked 
|   8|0x0000000702400000, 0x0000000702400000, 0x0000000702600000|  0%| F|  |TAMS 0x0000000702400000, 0x0000000702400000| Untracked 
|   9|0x0000000702600000, 0x0000000702800000, 0x0000000702800000|100%| O|  |TAMS 0x0000000702800000, 0x0000000702600000| Untracked 
|  10|0x0000000702800000, 0x0000000702a00000, 0x0000000702a00000|100%| O|  |TAMS 0x0000000702a00000, 0x0000000702800000| Untracked 
|  11|0x0000000702a00000, 0x0000000702c00000, 0x0000000702c00000|100%| O|  |TAMS 0x0000000702c00000, 0x0000000702a00000| Untracked 
|  12|0x0000000702c00000, 0x0000000702c00000, 0x0000000702e00000|  0%| F|  |TAMS 0x0000000702c00000, 0x0000000702c00000| Untracked 
|  13|0x0000000702e00000, 0x0000000702e00000, 0x0000000703000000|  0%| F|  |TAMS 0x0000000702e00000, 0x0000000702e00000| Untracked 
|  14|0x0000000703000000, 0x0000000703200000, 0x0000000703200000|100%| O|  |TAMS 0x0000000703000000, 0x0000000703000000| Untracked 
|  15|0x0000000703200000, 0x0000000703400000, 0x0000000703400000|100%| O|  |TAMS 0x0000000703200000, 0x0000000703200000| Untracked 
|  16|0x0000000703400000, 0x0000000703600000, 0x0000000703600000|100%| O|  |TAMS 0x0000000703400000, 0x0000000703400000| Untracked 
|  17|0x0000000703600000, 0x0000000703800000, 0x0000000703800000|100%| O|  |TAMS 0x0000000703600000, 0x0000000703600000| Untracked 
|  18|0x0000000703800000, 0x0000000703800000, 0x0000000703a00000|  0%| F|  |TAMS 0x0000000703800000, 0x0000000703800000| Untracked 
|  19|0x0000000703a00000, 0x0000000703ab8040, 0x0000000703c00000| 35%| S|CS|TAMS 0x0000000703a00000, 0x0000000703a00000| Complete 
|  20|0x0000000703c00000, 0x0000000703e00000, 0x0000000703e00000|100%| S|CS|TAMS 0x0000000703c00000, 0x0000000703c00000| Complete 
|  21|0x0000000703e00000, 0x0000000703e00000, 0x0000000704000000|  0%| F|  |TAMS 0x0000000703e00000, 0x0000000703e00000| Untracked 
|  22|0x0000000704000000, 0x0000000704000000, 0x0000000704200000|  0%| F|  |TAMS 0x0000000704000000, 0x0000000704000000| Untracked 
|  23|0x0000000704200000, 0x0000000704400000, 0x0000000704400000|100%| S|CS|TAMS 0x0000000704200000, 0x0000000704200000| Complete 
|  24|0x0000000704400000, 0x0000000704400000, 0x0000000704600000|  0%| F|  |TAMS 0x0000000704400000, 0x0000000704400000| Untracked 
|  25|0x0000000704600000, 0x0000000704600000, 0x0000000704800000|  0%| F|  |TAMS 0x0000000704600000, 0x0000000704600000| Untracked 
|  26|0x0000000704800000, 0x0000000704800000, 0x0000000704a00000|  0%| F|  |TAMS 0x0000000704800000, 0x0000000704800000| Untracked 
|  27|0x0000000704a00000, 0x0000000704a00000, 0x0000000704c00000|  0%| F|  |TAMS 0x0000000704a00000, 0x0000000704a00000| Untracked 
|  28|0x0000000704c00000, 0x0000000704c00000, 0x0000000704e00000|  0%| F|  |TAMS 0x0000000704c00000, 0x0000000704c00000| Untracked 
|  29|0x0000000704e00000, 0x0000000704e00000, 0x0000000705000000|  0%| F|  |TAMS 0x0000000704e00000, 0x0000000704e00000| Untracked 
|  30|0x0000000705000000, 0x0000000705000000, 0x0000000705200000|  0%| F|  |TAMS 0x0000000705000000, 0x0000000705000000| Untracked 
|  31|0x0000000705200000, 0x0000000705200000, 0x0000000705400000|  0%| F|  |TAMS 0x0000000705200000, 0x0000000705200000| Untracked 
|  32|0x0000000705400000, 0x0000000705400000, 0x0000000705600000|  0%| F|  |TAMS 0x0000000705400000, 0x0000000705400000| Untracked 
|  33|0x0000000705600000, 0x0000000705600000, 0x0000000705800000|  0%| F|  |TAMS 0x0000000705600000, 0x0000000705600000| Untracked 
|  34|0x0000000705800000, 0x0000000705800000, 0x0000000705a00000|  0%| F|  |TAMS 0x0000000705800000, 0x0000000705800000| Untracked 
|  35|0x0000000705a00000, 0x0000000705a00000, 0x0000000705c00000|  0%| F|  |TAMS 0x0000000705a00000, 0x0000000705a00000| Untracked 
|  36|0x0000000705c00000, 0x0000000705c00000, 0x0000000705e00000|  0%| F|  |TAMS 0x0000000705c00000, 0x0000000705c00000| Untracked 
|  37|0x0000000705e00000, 0x0000000705e00000, 0x0000000706000000|  0%| F|  |TAMS 0x0000000705e00000, 0x0000000705e00000| Untracked 
|  38|0x0000000706000000, 0x0000000706000000, 0x0000000706200000|  0%| F|  |TAMS 0x0000000706000000, 0x0000000706000000| Untracked 
|  39|0x0000000706200000, 0x0000000706200000, 0x0000000706400000|  0%| F|  |TAMS 0x0000000706200000, 0x0000000706200000| Untracked 
|  40|0x0000000706400000, 0x0000000706400000, 0x0000000706600000|  0%| F|  |TAMS 0x0000000706400000, 0x0000000706400000| Untracked 
|  41|0x0000000706600000, 0x0000000706600000, 0x0000000706800000|  0%| F|  |TAMS 0x0000000706600000, 0x0000000706600000| Untracked 
|  42|0x0000000706800000, 0x0000000706800000, 0x0000000706a00000|  0%| F|  |TAMS 0x0000000706800000, 0x0000000706800000| Untracked 
|  43|0x0000000706a00000, 0x0000000706a00000, 0x0000000706c00000|  0%| F|  |TAMS 0x0000000706a00000, 0x0000000706a00000| Untracked 
|  44|0x0000000706c00000, 0x0000000706c00000, 0x0000000706e00000|  0%| F|  |TAMS 0x0000000706c00000, 0x0000000706c00000| Untracked 
|  45|0x0000000706e00000, 0x0000000706e00000, 0x0000000707000000|  0%| F|  |TAMS 0x0000000706e00000, 0x0000000706e00000| Untracked 
|  46|0x0000000707000000, 0x0000000707000000, 0x0000000707200000|  0%| F|  |TAMS 0x0000000707000000, 0x0000000707000000| Untracked 
|  47|0x0000000707200000, 0x0000000707200000, 0x0000000707400000|  0%| F|  |TAMS 0x0000000707200000, 0x0000000707200000| Untracked 
|  48|0x0000000707400000, 0x0000000707400000, 0x0000000707600000|  0%| F|  |TAMS 0x0000000707400000, 0x0000000707400000| Untracked 
|  49|0x0000000707600000, 0x0000000707600000, 0x0000000707800000|  0%| F|  |TAMS 0x0000000707600000, 0x0000000707600000| Untracked 
|  50|0x0000000707800000, 0x0000000707800000, 0x0000000707a00000|  0%| F|  |TAMS 0x0000000707800000, 0x0000000707800000| Untracked 
|  51|0x0000000707a00000, 0x0000000707a00000, 0x0000000707c00000|  0%| F|  |TAMS 0x0000000707a00000, 0x0000000707a00000| Untracked 
|  52|0x0000000707c00000, 0x0000000707c00000, 0x0000000707e00000|  0%| F|  |TAMS 0x0000000707c00000, 0x0000000707c00000| Untracked 
|  53|0x0000000707e00000, 0x0000000707e00000, 0x0000000708000000|  0%| F|  |TAMS 0x0000000707e00000, 0x0000000707e00000| Untracked 
|  54|0x0000000708000000, 0x0000000708000000, 0x0000000708200000|  0%| F|  |TAMS 0x0000000708000000, 0x0000000708000000| Untracked 
|  55|0x0000000708200000, 0x0000000708200000, 0x0000000708400000|  0%| F|  |TAMS 0x0000000708200000, 0x0000000708200000| Untracked 
|  56|0x0000000708400000, 0x0000000708400000, 0x0000000708600000|  0%| F|  |TAMS 0x0000000708400000, 0x0000000708400000| Untracked 
|  57|0x0000000708600000, 0x0000000708600000, 0x0000000708800000|  0%| F|  |TAMS 0x0000000708600000, 0x0000000708600000| Untracked 
|  58|0x0000000708800000, 0x0000000708800000, 0x0000000708a00000|  0%| F|  |TAMS 0x0000000708800000, 0x0000000708800000| Untracked 
|  59|0x0000000708a00000, 0x0000000708a00000, 0x0000000708c00000|  0%| F|  |TAMS 0x0000000708a00000, 0x0000000708a00000| Untracked 
|  60|0x0000000708c00000, 0x0000000708c00000, 0x0000000708e00000|  0%| F|  |TAMS 0x0000000708c00000, 0x0000000708c00000| Untracked 
|  61|0x0000000708e00000, 0x0000000708e00000, 0x0000000709000000|  0%| F|  |TAMS 0x0000000708e00000, 0x0000000708e00000| Untracked 
|  62|0x0000000709000000, 0x0000000709000000, 0x0000000709200000|  0%| F|  |TAMS 0x0000000709000000, 0x0000000709000000| Untracked 
|  63|0x0000000709200000, 0x0000000709200000, 0x0000000709400000|  0%| F|  |TAMS 0x0000000709200000, 0x0000000709200000| Untracked 
|  64|0x0000000709400000, 0x0000000709400000, 0x0000000709600000|  0%| F|  |TAMS 0x0000000709400000, 0x0000000709400000| Untracked 
|  65|0x0000000709600000, 0x0000000709600000, 0x0000000709800000|  0%| F|  |TAMS 0x0000000709600000, 0x0000000709600000| Untracked 
|  66|0x0000000709800000, 0x0000000709800000, 0x0000000709a00000|  0%| F|  |TAMS 0x0000000709800000, 0x0000000709800000| Untracked 
|  67|0x0000000709a00000, 0x0000000709a00000, 0x0000000709c00000|  0%| F|  |TAMS 0x0000000709a00000, 0x0000000709a00000| Untracked 
|  68|0x0000000709c00000, 0x0000000709c00000, 0x0000000709e00000|  0%| F|  |TAMS 0x0000000709c00000, 0x0000000709c00000| Untracked 
|  69|0x0000000709e00000, 0x0000000709e00000, 0x000000070a000000|  0%| F|  |TAMS 0x0000000709e00000, 0x0000000709e00000| Untracked 
|  70|0x000000070a000000, 0x000000070a000000, 0x000000070a200000|  0%| F|  |TAMS 0x000000070a000000, 0x000000070a000000| Untracked 
|  71|0x000000070a200000, 0x000000070a200000, 0x000000070a400000|  0%| F|  |TAMS 0x000000070a200000, 0x000000070a200000| Untracked 
|  72|0x000000070a400000, 0x000000070a400000, 0x000000070a600000|  0%| F|  |TAMS 0x000000070a400000, 0x000000070a400000| Untracked 
|  73|0x000000070a600000, 0x000000070a600000, 0x000000070a800000|  0%| F|  |TAMS 0x000000070a600000, 0x000000070a600000| Untracked 
|  74|0x000000070a800000, 0x000000070a800000, 0x000000070aa00000|  0%| F|  |TAMS 0x000000070a800000, 0x000000070a800000| Untracked 
|  75|0x000000070aa00000, 0x000000070aa00000, 0x000000070ac00000|  0%| F|  |TAMS 0x000000070aa00000, 0x000000070aa00000| Untracked 
|  76|0x000000070ac00000, 0x000000070ac00000, 0x000000070ae00000|  0%| F|  |TAMS 0x000000070ac00000, 0x000000070ac00000| Untracked 
|  77|0x000000070ae00000, 0x000000070b000000, 0x000000070b000000|100%| E|  |TAMS 0x000000070ae00000, 0x000000070ae00000| Complete 
|  78|0x000000070b000000, 0x000000070b200000, 0x000000070b200000|100%| E|CS|TAMS 0x000000070b000000, 0x000000070b000000| Complete 
|  79|0x000000070b200000, 0x000000070b400000, 0x000000070b400000|100%| E|CS|TAMS 0x000000070b200000, 0x000000070b200000| Complete 
|  80|0x000000070b400000, 0x000000070b600000, 0x000000070b600000|100%| E|CS|TAMS 0x000000070b400000, 0x000000070b400000| Complete 
|  81|0x000000070b600000, 0x000000070b800000, 0x000000070b800000|100%| E|CS|TAMS 0x000000070b600000, 0x000000070b600000| Complete 
|  82|0x000000070b800000, 0x000000070ba00000, 0x000000070ba00000|100%| E|CS|TAMS 0x000000070b800000, 0x000000070b800000| Complete 
|  83|0x000000070ba00000, 0x000000070bc00000, 0x000000070bc00000|100%| E|CS|TAMS 0x000000070ba00000, 0x000000070ba00000| Complete 
|  84|0x000000070bc00000, 0x000000070be00000, 0x000000070be00000|100%| E|CS|TAMS 0x000000070bc00000, 0x000000070bc00000| Complete 
|  85|0x000000070be00000, 0x000000070c000000, 0x000000070c000000|100%| E|CS|TAMS 0x000000070be00000, 0x000000070be00000| Complete 
|  86|0x000000070c000000, 0x000000070c200000, 0x000000070c200000|100%| E|CS|TAMS 0x000000070c000000, 0x000000070c000000| Complete 
|  87|0x000000070c200000, 0x000000070c400000, 0x000000070c400000|100%| E|CS|TAMS 0x000000070c200000, 0x000000070c200000| Complete 
|  88|0x000000070c400000, 0x000000070c600000, 0x000000070c600000|100%| E|CS|TAMS 0x000000070c400000, 0x000000070c400000| Complete 
|  89|0x000000070c600000, 0x000000070c800000, 0x000000070c800000|100%| E|CS|TAMS 0x000000070c600000, 0x000000070c600000| Complete 
|  90|0x000000070c800000, 0x000000070ca00000, 0x000000070ca00000|100%| E|CS|TAMS 0x000000070c800000, 0x000000070c800000| Complete 
|  91|0x000000070ca00000, 0x000000070cc00000, 0x000000070cc00000|100%| E|CS|TAMS 0x000000070ca00000, 0x000000070ca00000| Complete 
|  92|0x000000070cc00000, 0x000000070ce00000, 0x000000070ce00000|100%| E|CS|TAMS 0x000000070cc00000, 0x000000070cc00000| Complete 
| 127|0x0000000711200000, 0x0000000711400000, 0x0000000711400000|100%| E|CS|TAMS 0x0000000711200000, 0x0000000711200000| Complete 

Card table byte_map: [0x0000022ba2320000,0x0000022ba2b20000] _byte_map_base: 0x0000022b9eb16000

Marking Bits (Prev, Next): (CMBitMap*) 0x0000022b98ebf5a0, (CMBitMap*) 0x0000022b98ebf560
 Prev Bits: [0x0000022ba72d0000, 0x0000022bab280000)
 Next Bits: [0x0000022ba3320000, 0x0000022ba72d0000)

Polling page: 0x0000022b9dcc0000

Metaspace:

Usage:
  Non-class:     60.95 MB used.
      Class:      9.51 MB used.
       Both:     70.46 MB used.

Virtual space:
  Non-class space:       64.00 MB reserved,      61.25 MB ( 96%) committed,  8 nodes.
      Class space:        1.00 GB reserved,       9.75 MB ( <1%) committed,  1 nodes.
             Both:        1.06 GB reserved,      71.00 MB (  7%) committed. 

Chunk freelists:
   Non-Class:  2.29 MB
       Class:  2.26 MB
        Both:  4.55 MB

MaxMetaspaceSize: unlimited
CompressedClassSpaceSize: 1.00 GB
Initial GC threshold: 21.00 MB
Current GC threshold: 98.12 MB
CDS: off
MetaspaceReclaimPolicy: balanced
 - commit_granule_bytes: 65536.
 - commit_granule_words: 8192.
 - virtual_space_node_default_size: 1048576.
 - enlarge_chunks_in_place: 1.
 - new_chunks_are_fully_committed: 0.
 - uncommit_free_chunks: 1.
 - use_allocation_guard: 0.
 - handle_deallocations: 1.


Internal statistics:

num_allocs_failed_limit: 9.
num_arena_births: 714.
num_arena_deaths: 0.
num_vsnodes_births: 9.
num_vsnodes_deaths: 0.
num_space_committed: 1136.
num_space_uncommitted: 0.
num_chunks_returned_to_freelist: 9.
num_chunks_taken_from_freelist: 3081.
num_chunk_merges: 9.
num_chunk_splits: 2135.
num_chunks_enlarged: 1610.
num_purges: 0.
num_inconsistent_stats: 0.

CodeCache: size=49152Kb used=14133Kb max_used=18725Kb free=35019Kb
 bounds [0x0000022b9dce0000, 0x0000022b9ef30000, 0x0000022ba0ce0000]
 total_blobs=8532 nmethods=7896 adapters=562
 compilation: enabled
              stopped_count=0, restarted_count=0
 full_count=0

Compilation events (20 events):
Event: 186.783 Thread 0x0000022baecaee60 8017   !   1       java.util.concurrent.ThreadPoolExecutor::getTask (177 bytes)
Event: 186.783 Thread 0x0000022baecaee60 nmethod 8017 0x0000022b9de2fd10 code [0x0000022b9de2ff00, 0x0000022b9de30458]
Event: 186.922 Thread 0x0000022baecaee60 8019       1       java.util.concurrent.ThreadPoolExecutor$Worker::lock (6 bytes)
Event: 186.922 Thread 0x0000022baecaee60 nmethod 8019 0x0000022b9de2f890 code [0x0000022b9de2fa20, 0x0000022b9de2fc08]
Event: 186.922 Thread 0x0000022baecaee60 8020       1       java.util.concurrent.ThreadPoolExecutor$Worker::tryAcquire (20 bytes)
Event: 186.923 Thread 0x0000022baecaee60 nmethod 8020 0x0000022b9de2f510 code [0x0000022b9de2f6a0, 0x0000022b9de2f818]
Event: 186.923 Thread 0x0000022baecaee60 8021       1       java.util.concurrent.ThreadPoolExecutor::beforeExecute (1 bytes)
Event: 186.923 Thread 0x0000022baecaee60 nmethod 8021 0x0000022b9de2f210 code [0x0000022b9de2f3a0, 0x0000022b9de2f458]
Event: 187.453 Thread 0x0000022baecaee60 8022       1       java.util.concurrent.ThreadPoolExecutor::afterExecute (1 bytes)
Event: 187.454 Thread 0x0000022baecaee60 nmethod 8022 0x0000022b9de2ef10 code [0x0000022b9de2f0a0, 0x0000022b9de2f158]
Event: 187.469 Thread 0x0000022baecaee60 8023       1       java.util.concurrent.locks.LockSupport::park (9 bytes)
Event: 187.469 Thread 0x0000022baecaee60 nmethod 8023 0x0000022b9de2ec10 code [0x0000022b9de2eda0, 0x0000022b9de2ee68]
Event: 190.446 Thread 0x0000022baecaee60 8027       1       java.util.concurrent.locks.AbstractQueuedSynchronizer$ConditionNode::block (15 bytes)
Event: 190.446 Thread 0x0000022baecaee60 nmethod 8027 0x0000022b9de2e810 code [0x0000022b9de2e9a0, 0x0000022b9de2eb08]
Event: 190.446 Thread 0x0000022baecaee60 8024   !   1       java.util.concurrent.locks.AbstractQueuedSynchronizer$ConditionObject::await (183 bytes)
Event: 190.446 Thread 0x0000022baecaee60 nmethod 8024 0x0000022b9de2d510 code [0x0000022b9de2d760, 0x0000022b9de2e158]
Event: 190.446 Thread 0x0000022baecaee60 8025       1       java.util.concurrent.ForkJoinPool::managedBlock (36 bytes)
Event: 190.447 Thread 0x0000022baecaee60 nmethod 8025 0x0000022b9de2cf10 code [0x0000022b9de2d0e0, 0x0000022b9de2d378]
Event: 190.447 Thread 0x0000022baecaee60 8026       1       java.util.concurrent.ForkJoinPool::unmanagedBlock (31 bytes)
Event: 190.447 Thread 0x0000022baecaee60 nmethod 8026 0x0000022b9de2ca90 code [0x0000022b9de2cc40, 0x0000022b9de2ce08]

GC Heap History (20 events):
Event: 4.827 GC heap before
{Heap before GC invocations=12 (full 0):
 garbage-first heap   total 73728K, used 20566K [0x0000000701400000, 0x0000000800000000)
  region size 2048K, 6 young (12288K), 5 survivors (10240K)
 Metaspace       used 39106K, committed 39488K, reserved 1089536K
  class space    used 4830K, committed 5056K, reserved 1048576K
}
Event: 4.832 GC heap after
{Heap after GC invocations=13 (full 0):
 garbage-first heap   total 73728K, used 19287K [0x0000000701400000, 0x0000000800000000)
  region size 2048K, 1 young (2048K), 1 survivors (2048K)
 Metaspace       used 39106K, committed 39488K, reserved 1089536K
  class space    used 4830K, committed 5056K, reserved 1048576K
}
Event: 5.088 GC heap before
{Heap before GC invocations=13 (full 0):
 garbage-first heap   total 73728K, used 54103K [0x0000000701400000, 0x0000000800000000)
  region size 2048K, 19 young (38912K), 1 survivors (2048K)
 Metaspace       used 42165K, committed 42560K, reserved 1089536K
  class space    used 5254K, committed 5440K, reserved 1048576K
}
Event: 5.091 GC heap after
{Heap after GC invocations=14 (full 0):
 garbage-first heap   total 147456K, used 19161K [0x0000000701400000, 0x0000000800000000)
  region size 2048K, 1 young (2048K), 1 survivors (2048K)
 Metaspace       used 42165K, committed 42560K, reserved 1089536K
  class space    used 5254K, committed 5440K, reserved 1048576K
}
Event: 5.772 GC heap before
{Heap before GC invocations=14 (full 0):
 garbage-first heap   total 147456K, used 105177K [0x0000000701400000, 0x0000000800000000)
  region size 2048K, 43 young (88064K), 1 survivors (2048K)
 Metaspace       used 50891K, committed 51392K, reserved 1097728K
  class space    used 6546K, committed 6784K, reserved 1048576K
}
Event: 5.775 GC heap after
{Heap after GC invocations=15 (full 0):
 garbage-first heap   total 147456K, used 21031K [0x0000000701400000, 0x0000000800000000)
  region size 2048K, 2 young (4096K), 2 survivors (4096K)
 Metaspace       used 50891K, committed 51392K, reserved 1097728K
  class space    used 6546K, committed 6784K, reserved 1048576K
}
Event: 6.407 GC heap before
{Heap before GC invocations=15 (full 0):
 garbage-first heap   total 147456K, used 104999K [0x0000000701400000, 0x0000000800000000)
  region size 2048K, 43 young (88064K), 2 survivors (4096K)
 Metaspace       used 58306K, committed 58624K, reserved 1105920K
  class space    used 7658K, committed 7808K, reserved 1048576K
}
Event: 6.411 GC heap after
{Heap after GC invocations=16 (full 0):
 garbage-first heap   total 147456K, used 23156K [0x0000000701400000, 0x0000000800000000)
  region size 2048K, 3 young (6144K), 3 survivors (6144K)
 Metaspace       used 58306K, committed 58624K, reserved 1105920K
  class space    used 7658K, committed 7808K, reserved 1048576K
}
Event: 6.538 GC heap before
{Heap before GC invocations=16 (full 0):
 garbage-first heap   total 147456K, used 43636K [0x0000000701400000, 0x0000000800000000)
  region size 2048K, 14 young (28672K), 3 survivors (6144K)
 Metaspace       used 59692K, committed 60096K, reserved 1105920K
  class space    used 7887K, committed 8064K, reserved 1048576K
}
Event: 6.542 GC heap after
{Heap after GC invocations=17 (full 0):
 garbage-first heap   total 147456K, used 24070K [0x0000000701400000, 0x0000000800000000)
  region size 2048K, 4 young (8192K), 4 survivors (8192K)
 Metaspace       used 59692K, committed 60096K, reserved 1105920K
  class space    used 7887K, committed 8064K, reserved 1048576K
}
Event: 6.861 GC heap before
{Heap before GC invocations=18 (full 0):
 garbage-first heap   total 96256K, used 81414K [0x0000000701400000, 0x0000000800000000)
  region size 2048K, 33 young (67584K), 4 survivors (8192K)
 Metaspace       used 61312K, committed 61760K, reserved 1105920K
  class space    used 8152K, committed 8384K, reserved 1048576K
}
Event: 6.864 GC heap after
{Heap after GC invocations=19 (full 0):
 garbage-first heap   total 96256K, used 25916K [0x0000000701400000, 0x0000000800000000)
  region size 2048K, 4 young (8192K), 4 survivors (8192K)
 Metaspace       used 61312K, committed 61760K, reserved 1105920K
  class space    used 8152K, committed 8384K, reserved 1048576K
}
Event: 6.873 GC heap before
{Heap before GC invocations=19 (full 0):
 garbage-first heap   total 96256K, used 27964K [0x0000000701400000, 0x0000000800000000)
  region size 2048K, 5 young (10240K), 4 survivors (8192K)
 Metaspace       used 61313K, committed 61760K, reserved 1105920K
  class space    used 8152K, committed 8384K, reserved 1048576K
}
Event: 6.876 GC heap after
{Heap after GC invocations=20 (full 0):
 garbage-first heap   total 96256K, used 26381K [0x0000000701400000, 0x0000000800000000)
  region size 2048K, 1 young (2048K), 1 survivors (2048K)
 Metaspace       used 61313K, committed 61760K, reserved 1105920K
  class space    used 8152K, committed 8384K, reserved 1048576K
}
Event: 7.246 GC heap before
{Heap before GC invocations=20 (full 0):
 garbage-first heap   total 96256K, used 77581K [0x0000000701400000, 0x0000000800000000)
  region size 2048K, 26 young (53248K), 1 survivors (2048K)
 Metaspace       used 64704K, committed 65216K, reserved 1105920K
  class space    used 8600K, committed 8832K, reserved 1048576K
}
Event: 7.249 GC heap after
{Heap after GC invocations=21 (full 0):
 garbage-first heap   total 96256K, used 28313K [0x0000000701400000, 0x0000000800000000)
  region size 2048K, 2 young (4096K), 2 survivors (4096K)
 Metaspace       used 64704K, committed 65216K, reserved 1105920K
  class space    used 8600K, committed 8832K, reserved 1048576K
}
Event: 7.598 GC heap before
{Heap before GC invocations=21 (full 0):
 garbage-first heap   total 96256K, used 77465K [0x0000000701400000, 0x0000000800000000)
  region size 2048K, 26 young (53248K), 2 survivors (4096K)
 Metaspace       used 67785K, committed 68288K, reserved 1114112K
  class space    used 9106K, committed 9344K, reserved 1048576K
}
Event: 7.603 GC heap after
{Heap after GC invocations=22 (full 0):
 garbage-first heap   total 96256K, used 30786K [0x0000000701400000, 0x0000000800000000)
  region size 2048K, 3 young (6144K), 3 survivors (6144K)
 Metaspace       used 67785K, committed 68288K, reserved 1114112K
  class space    used 9106K, committed 9344K, reserved 1048576K
}
Event: 12.129 GC heap before
{Heap before GC invocations=22 (full 0):
 garbage-first heap   total 96256K, used 75842K [0x0000000701400000, 0x0000000800000000)
  region size 2048K, 26 young (53248K), 3 survivors (6144K)
 Metaspace       used 71178K, committed 71744K, reserved 1114112K
  class space    used 9588K, committed 9856K, reserved 1048576K
}
Event: 12.135 GC heap after
{Heap after GC invocations=23 (full 0):
 garbage-first heap   total 192512K, used 32712K [0x0000000701400000, 0x0000000800000000)
  region size 2048K, 3 young (6144K), 3 survivors (6144K)
 Metaspace       used 71178K, committed 71744K, reserved 1114112K
  class space    used 9588K, committed 9856K, reserved 1048576K
}

Deoptimization events (20 events):
Event: 52.853 Thread 0x0000022bb3464d40 DEOPT PACKING pc=0x0000022b9e8cce4c sp=0x0000008b866fd130
Event: 52.853 Thread 0x0000022bb3464d40 DEOPT UNPACKING pc=0x0000022b9dd32b43 sp=0x0000008b866fc700 mode 1
Event: 52.853 Thread 0x0000022bb3464d40 DEOPT PACKING pc=0x0000022b9e8c9d34 sp=0x0000008b866fcef0
Event: 52.853 Thread 0x0000022bb3464d40 DEOPT UNPACKING pc=0x0000022b9dd32b43 sp=0x0000008b866fc428 mode 1
Event: 52.853 Thread 0x0000022bb3464d40 DEOPT PACKING pc=0x0000022b9e8cac6c sp=0x0000008b866fcfe0
Event: 52.853 Thread 0x0000022bb3464d40 DEOPT UNPACKING pc=0x0000022b9dd32b43 sp=0x0000008b866fc578 mode 1
Event: 52.853 Thread 0x0000022bb3464d40 DEOPT PACKING pc=0x0000022b9e8cce4c sp=0x0000008b866fd130
Event: 52.853 Thread 0x0000022bb3464d40 DEOPT UNPACKING pc=0x0000022b9dd32b43 sp=0x0000008b866fc700 mode 1
Event: 52.853 Thread 0x0000022bb3464d40 DEOPT PACKING pc=0x0000022b9e8c9d34 sp=0x0000008b866fcef0
Event: 52.853 Thread 0x0000022bb3464d40 DEOPT UNPACKING pc=0x0000022b9dd32b43 sp=0x0000008b866fc428 mode 1
Event: 52.853 Thread 0x0000022bb3464d40 DEOPT PACKING pc=0x0000022b9e8cac6c sp=0x0000008b866fcfe0
Event: 52.853 Thread 0x0000022bb3464d40 DEOPT UNPACKING pc=0x0000022b9dd32b43 sp=0x0000008b866fc578 mode 1
Event: 52.853 Thread 0x0000022bb3464d40 DEOPT PACKING pc=0x0000022b9e8cce4c sp=0x0000008b866fd130
Event: 52.853 Thread 0x0000022bb3464d40 DEOPT UNPACKING pc=0x0000022b9dd32b43 sp=0x0000008b866fc700 mode 1
Event: 52.853 Thread 0x0000022bb3464d40 DEOPT PACKING pc=0x0000022b9e8c9d34 sp=0x0000008b866fcef0
Event: 52.853 Thread 0x0000022bb3464d40 DEOPT UNPACKING pc=0x0000022b9dd32b43 sp=0x0000008b866fc428 mode 1
Event: 52.853 Thread 0x0000022bb3464d40 DEOPT PACKING pc=0x0000022b9e8cac6c sp=0x0000008b866fcfe0
Event: 52.853 Thread 0x0000022bb3464d40 DEOPT UNPACKING pc=0x0000022b9dd32b43 sp=0x0000008b866fc578 mode 1
Event: 52.853 Thread 0x0000022bb3464d40 DEOPT PACKING pc=0x0000022b9e8cce4c sp=0x0000008b866fd130
Event: 52.853 Thread 0x0000022bb3464d40 DEOPT UNPACKING pc=0x0000022b9dd32b43 sp=0x0000008b866fc700 mode 1

Classes unloaded (0 events):
No events

Classes redefined (1 events):
Event: 194.535 Thread 0x0000022bae33eb10 redefined class name=es.project.Pandemic.Entidades.Cita, count=1

Internal exceptions (20 events):
Event: 7.156 Thread 0x0000022bb090e410 Exception <a 'java/lang/reflect/InvocationTargetException'{0x0000000704df6d20}> (0x0000000704df6d20) 
thrown [s\src\hotspot\share\runtime\reflection.cpp, line 1121]
Event: 7.224 Thread 0x0000022bb0a923a0 Exception <a 'java/lang/IncompatibleClassChangeError'{0x0000000704104330}: Found class java.lang.Object, but interface was expected> (0x0000000704104330) 
thrown [s\src\hotspot\share\interpreter\linkResolver.cpp, line 826]
Event: 7.424 Thread 0x0000022bb0a923a0 Exception <a 'java/lang/NoSuchMethodError'{0x000000070596b188}: 'java.lang.Object java.lang.invoke.DirectMethodHandle$Holder.invokeSpecial(java.lang.Object, java.lang.Object, int, java.lang.Object, int, java.lang.Object)'> (0x000000070596b188) 
thrown [s\src\hotspot\share\interpreter\linkResolver.cpp, line 759]
Event: 7.424 Thread 0x0000022bb0a923a0 Exception <a 'java/lang/NoSuchMethodError'{0x0000000705973230}: 'java.lang.Object java.lang.invoke.DirectMethodHandle$Holder.newInvokeSpecial(java.lang.Object, java.lang.Object, int, java.lang.Object, int)'> (0x0000000705973230) 
thrown [s\src\hotspot\share\interpreter\linkResolver.cpp, line 759]
Event: 7.424 Thread 0x0000022bb0a923a0 Exception <a 'java/lang/NoSuchMethodError'{0x0000000705977330}: 'java.lang.Object java.lang.invoke.DirectMethodHandle$Holder.invokeSpecial(java.lang.Object, java.lang.Object, java.lang.Object, int, java.lang.Object, int)'> (0x0000000705977330) 
thrown [s\src\hotspot\share\interpreter\linkResolver.cpp, line 759]
Event: 7.425 Thread 0x0000022bb0a923a0 Exception <a 'java/lang/NoSuchMethodError'{0x0000000705986a40}: 'void java.lang.invoke.DirectMethodHandle$Holder.invokeVirtual(java.lang.Object, java.lang.Object)'> (0x0000000705986a40) 
thrown [s\src\hotspot\share\interpreter\linkResolver.cpp, line 759]
Event: 7.543 Thread 0x0000022bb0a923a0 Exception <a 'java/lang/NoSuchMethodError'{0x0000000704852800}: 'java.lang.Object java.lang.invoke.DirectMethodHandle$Holder.newInvokeSpecial(java.lang.Object, java.lang.Object, java.lang.Object, java.lang.Object, java.lang.Object, java.lang.Object, java.lang.Object)'> (0x0000000704852800) 
thrown [s\src\hotspot\share\interpreter\linkResolver.cpp, line 759]
Event: 7.543 Thread 0x0000022bb0a923a0 Exception <a 'java/lang/NoSuchMethodError'{0x0000000704856cd8}: 'java.lang.Object java.lang.invoke.Invokers$Holder.linkToTargetMethod(java.lang.Object, java.lang.Object, java.lang.Object, java.lang.Object, java.lang.Object, java.lang.Object, java.lang.Object)'> (0x0000000704856cd8) 
thrown [s\src\hotspot\share\interpreter\linkResolver.cpp, line 759]
Event: 7.572 Thread 0x0000022bb0a923a0 Exception <a 'java/lang/NoSuchMethodError'{0x00000007044a9ef8}: 'java.lang.Object java.lang.invoke.DirectMethodHandle$Holder.invokeStatic(java.lang.Object, int, java.lang.Object)'> (0x00000007044a9ef8) 
thrown [s\src\hotspot\share\interpreter\linkResolver.cpp, line 759]
Event: 7.605 Thread 0x0000022bb0a923a0 Exception <a 'java/lang/NoSuchMethodError'{0x0000000711237c38}: 'java.lang.Object java.lang.invoke.DirectMethodHandle$Holder.newInvokeSpecial(java.lang.Object, java.lang.Object, java.lang.Object, int)'> (0x0000000711237c38) 
thrown [s\src\hotspot\share\interpreter\linkResolver.cpp, line 759]
Event: 7.605 Thread 0x0000022bb0a923a0 Exception <a 'java/lang/NoSuchMethodError'{0x000000071123bf20}: 'java.lang.Object java.lang.invoke.DirectMethodHandle$Holder.invokeSpecial(java.lang.Object, java.lang.Object, java.lang.Object, java.lang.Object, int)'> (0x000000071123bf20) 
thrown [s\src\hotspot\share\interpreter\linkResolver.cpp, line 759]
Event: 7.605 Thread 0x0000022bb0a923a0 Exception <a 'java/lang/NoSuchMethodError'{0x000000071123f628}: 'java.lang.Object java.lang.invoke.Invokers$Holder.linkToTargetMethod(java.lang.Object, java.lang.Object, int, java.lang.Object)'> (0x000000071123f628) 
thrown [s\src\hotspot\share\interpreter\linkResolver.cpp, line 759]
Event: 7.606 Thread 0x0000022bb0a923a0 Exception <a 'java/lang/NoSuchMethodError'{0x00000007112465f0}: 'java.lang.Object java.lang.invoke.DirectMethodHandle$Holder.newInvokeSpecial(java.lang.Object, java.lang.Object, int)'> (0x00000007112465f0) 
thrown [s\src\hotspot\share\interpreter\linkResolver.cpp, line 759]
Event: 11.991 Thread 0x0000022bb3467890 Exception <a 'java/lang/NoSuchMethodError'{0x00000007054877e0}: 'java.lang.Object java.lang.invoke.DirectMethodHandle$Holder.newInvokeSpecial(java.lang.Object, java.lang.Object, long)'> (0x00000007054877e0) 
thrown [s\src\hotspot\share\interpreter\linkResolver.cpp, line 759]
Event: 11.991 Thread 0x0000022bb3463060 Exception <a 'java/lang/NoSuchMethodError'{0x000000070548c680}: 'java.lang.Object java.lang.invoke.DirectMethodHandle$Holder.newInvokeSpecial(java.lang.Object, java.lang.Object, long)'> (0x000000070548c680) 
thrown [s\src\hotspot\share\interpreter\linkResolver.cpp, line 759]
Event: 11.991 Thread 0x0000022bb3469570 Exception <a 'java/lang/NoSuchMethodError'{0x00000007057ffa80}: 'java.lang.Object java.lang.invoke.DirectMethodHandle$Holder.newInvokeSpecial(java.lang.Object, java.lang.Object, long)'> (0x00000007057ffa80) 
thrown [s\src\hotspot\share\interpreter\linkResolver.cpp, line 759]
Event: 12.102 Thread 0x0000022bb3467890 Exception <a 'java/lang/NoSuchMethodError'{0x00000007046e6fe8}: 'java.lang.Object java.lang.invoke.DirectMethodHandle$Holder.invokeStaticInit(java.lang.Object, java.lang.Object, java.lang.Object, java.lang.Object, java.lang.Object, java.lang.Object)'> (0x00000007046e6fe8) 
thrown [s\src\hotspot\share\interpreter\linkResolver.cpp, line 759]
Event: 30.126 Thread 0x0000022bb3464d40 Exception <a 'java/lang/ClassCastException'{0x000000070c53a230}: class java.sql.Timestamp cannot be cast to class java.lang.String (java.sql.Timestamp is in module java.sql of loader 'platform'; java.lang.String is in module java.base of loader 'bootstrap')> (0x000000070c53a230) 
thrown [s\src\hotspot\share\interpreter\interpreterRuntime.cpp, line 444]
Event: 52.841 Thread 0x0000022bb3464d40 Exception <a 'java/lang/reflect/InvocationTargetException'{0x000000070c53acf8}> (0x000000070c53acf8) 
thrown [s\src\hotspot\share\runtime\reflection.cpp, line 1121]
Event: 52.848 Thread 0x0000022bb3464d40 Exception <a 'java/lang/NoClassDefFoundError'{0x000000070c109aa0}: sun/reflect/Reflection> (0x000000070c109aa0) 
thrown [s\src\hotspot\share\classfile\systemDictionary.cpp, line 245]

VM Operations (20 events):
Event: 194.581 Executing VM operation: get/set locals
Event: 194.581 Executing VM operation: get/set locals done
Event: 194.583 Executing VM operation: ChangeSingleStep
Event: 194.583 Executing VM operation: ChangeSingleStep done
Event: 194.585 Executing VM operation: GetObjectMonitorUsage
Event: 194.585 Executing VM operation: GetObjectMonitorUsage done
Event: 194.585 Executing VM operation: GetObjectMonitorUsage
Event: 194.585 Executing VM operation: GetObjectMonitorUsage done
Event: 194.586 Executing VM operation: GetObjectMonitorUsage
Event: 194.587 Executing VM operation: GetObjectMonitorUsage done
Event: 194.587 Executing VM operation: GetObjectMonitorUsage
Event: 194.587 Executing VM operation: GetObjectMonitorUsage done
Event: 194.591 Executing VM operation: GetObjectMonitorUsage
Event: 194.591 Executing VM operation: GetObjectMonitorUsage done
Event: 194.591 Executing VM operation: GetObjectMonitorUsage
Event: 194.591 Executing VM operation: GetObjectMonitorUsage done
Event: 194.592 Executing VM operation: GetObjectMonitorUsage
Event: 194.592 Executing VM operation: GetObjectMonitorUsage done
Event: 194.592 Executing VM operation: GetObjectMonitorUsage
Event: 194.592 Executing VM operation: GetObjectMonitorUsage done

Events (20 events):
Event: 16.446 Thread 0x0000022bb0933df0 Thread exited: 0x0000022bb0933df0
Event: 17.101 Thread 0x0000022bb35bf2e0 Thread exited: 0x0000022bb35bf2e0
Event: 24.356 Thread 0x0000022baed8eaa0 Thread exited: 0x0000022baed8eaa0
Event: 52.848 loading class sun/reflect/Reflection
Event: 52.848 loading class sun/reflect/Reflection done
Event: 52.860 loading class java/lang/Throwable$WrappedPrintWriter
Event: 52.860 loading class java/lang/Throwable$WrappedPrintWriter done
Event: 61.022 Thread 0x0000022baed8eaa0 Thread added: 0x0000022baed8eaa0
Event: 61.022 Thread 0x0000022baef0ce80 Thread added: 0x0000022baef0ce80
Event: 61.022 Thread 0x0000022bb5198200 Thread added: 0x0000022bb5198200
Event: 62.447 Thread 0x0000022bb5198200 Thread exited: 0x0000022bb5198200
Event: 62.447 Thread 0x0000022baef0ce80 Thread exited: 0x0000022baef0ce80
Event: 66.772 Thread 0x0000022baed8eaa0 Thread exited: 0x0000022baed8eaa0
Event: 91.025 Thread 0x0000022bafba6d10 Thread exited: 0x0000022bafba6d10
Event: 91.025 Thread 0x0000022bb3464870 Thread exited: 0x0000022bb3464870
Event: 91.026 Thread 0x0000022bb090e410 Thread exited: 0x0000022bb090e410
Event: 91.026 Thread 0x0000022bb3466a20 Thread exited: 0x0000022bb3466a20
Event: 91.026 Thread 0x0000022bb34656e0 Thread exited: 0x0000022bb34656e0
Event: 91.026 Thread 0x0000022bb0a93bb0 Thread exited: 0x0000022bb0a93bb0
Event: 91.026 Thread 0x0000022bb3468bd0 Thread exited: 0x0000022bb3468bd0


Dynamic libraries:
0x00007ff6685c0000 - 0x00007ff6685ce000 	E:\Programas\Spring\sts-4.16.0.RELEASE\plugins\org.eclipse.justj.openjdk.hotspot.jre.full.win32.x86_64_17.0.4.v20220903-1038\jre\bin\javaw.exe
0x00007ffb53f90000 - 0x00007ffb54188000 	C:\WINDOWS\SYSTEM32\ntdll.dll
0x00007ffb53010000 - 0x00007ffb530cd000 	C:\WINDOWS\System32\KERNEL32.DLL
0x00007ffb51c80000 - 0x00007ffb51f4e000 	C:\WINDOWS\System32\KERNELBASE.dll
0x00007ffb51b80000 - 0x00007ffb51c80000 	C:\WINDOWS\System32\ucrtbase.dll
0x00007ffb33e10000 - 0x00007ffb33e28000 	E:\Programas\Spring\sts-4.16.0.RELEASE\plugins\org.eclipse.justj.openjdk.hotspot.jre.full.win32.x86_64_17.0.4.v20220903-1038\jre\bin\jli.dll
0x00007ffb33e30000 - 0x00007ffb33e49000 	E:\Programas\Spring\sts-4.16.0.RELEASE\plugins\org.eclipse.justj.openjdk.hotspot.jre.full.win32.x86_64_17.0.4.v20220903-1038\jre\bin\VCRUNTIME140.dll
0x00007ffb53820000 - 0x00007ffb539c0000 	C:\WINDOWS\System32\USER32.dll
0x00007ffb51ac0000 - 0x00007ffb51ae2000 	C:\WINDOWS\System32\win32u.dll
0x00007ffb3fe70000 - 0x00007ffb4010a000 	C:\WINDOWS\WinSxS\amd64_microsoft.windows.common-controls_6595b64144ccf1df_6.0.19041.1110_none_60b5254171f9507e\COMCTL32.dll
0x00007ffb53530000 - 0x00007ffb5355a000 	C:\WINDOWS\System32\GDI32.dll
0x00007ffb53390000 - 0x00007ffb5342e000 	C:\WINDOWS\System32\msvcrt.dll
0x00007ffb517d0000 - 0x00007ffb518db000 	C:\WINDOWS\System32\gdi32full.dll
0x00007ffb51f50000 - 0x00007ffb51fed000 	C:\WINDOWS\System32\msvcp_win.dll
0x00007ffb53500000 - 0x00007ffb53530000 	C:\WINDOWS\System32\IMM32.DLL
0x00007ffb32050000 - 0x00007ffb3205c000 	E:\Programas\Spring\sts-4.16.0.RELEASE\plugins\org.eclipse.justj.openjdk.hotspot.jre.full.win32.x86_64_17.0.4.v20220903-1038\jre\bin\vcruntime140_1.dll
0x00007ffadbb50000 - 0x00007ffadbbe1000 	E:\Programas\Spring\sts-4.16.0.RELEASE\plugins\org.eclipse.justj.openjdk.hotspot.jre.full.win32.x86_64_17.0.4.v20220903-1038\jre\bin\msvcp140.dll
0x00007ffab4ea0000 - 0x00007ffab5ae6000 	E:\Programas\Spring\sts-4.16.0.RELEASE\plugins\org.eclipse.justj.openjdk.hotspot.jre.full.win32.x86_64_17.0.4.v20220903-1038\jre\bin\server\jvm.dll
0x00007ffb53570000 - 0x00007ffb5361e000 	C:\WINDOWS\System32\ADVAPI32.dll
0x00007ffb53ae0000 - 0x00007ffb53b7c000 	C:\WINDOWS\System32\sechost.dll
0x00007ffb530d0000 - 0x00007ffb531f5000 	C:\WINDOWS\System32\RPCRT4.dll
0x00007ffb53680000 - 0x00007ffb53688000 	C:\WINDOWS\System32\PSAPI.DLL
0x00007ffb4a7a0000 - 0x00007ffb4a7c7000 	C:\WINDOWS\SYSTEM32\WINMM.dll
0x00007ffb3d0c0000 - 0x00007ffb3d0c9000 	C:\WINDOWS\SYSTEM32\WSOCK32.dll
0x00007ffb4af50000 - 0x00007ffb4af5a000 	C:\WINDOWS\SYSTEM32\VERSION.dll
0x00007ffb52be0000 - 0x00007ffb52c4b000 	C:\WINDOWS\System32\WS2_32.dll
0x00007ffb4ff10000 - 0x00007ffb4ff22000 	C:\WINDOWS\SYSTEM32\kernel.appcore.dll
0x00007ffb34c90000 - 0x00007ffb34c9a000 	E:\Programas\Spring\sts-4.16.0.RELEASE\plugins\org.eclipse.justj.openjdk.hotspot.jre.full.win32.x86_64_17.0.4.v20220903-1038\jre\bin\jimage.dll
0x00007ffb4f3e0000 - 0x00007ffb4f5c4000 	C:\WINDOWS\SYSTEM32\DBGHELP.DLL
0x00007ffb3cd40000 - 0x00007ffb3cd6c000 	C:\WINDOWS\SYSTEM32\dbgcore.DLL
0x00007ffb51af0000 - 0x00007ffb51b72000 	C:\WINDOWS\System32\bcryptPrimitives.dll
0x00007ffb4cde0000 - 0x00007ffb4ce1b000 	E:\Programas\Spring\sts-4.16.0.RELEASE\plugins\org.eclipse.justj.openjdk.hotspot.jre.full.win32.x86_64_17.0.4.v20220903-1038\jre\bin\jdwp.dll
0x00007ffb4ce90000 - 0x00007ffb4ce9e000 	E:\Programas\Spring\sts-4.16.0.RELEASE\plugins\org.eclipse.justj.openjdk.hotspot.jre.full.win32.x86_64_17.0.4.v20220903-1038\jre\bin\instrument.dll
0x00007ffb31cd0000 - 0x00007ffb31cf5000 	E:\Programas\Spring\sts-4.16.0.RELEASE\plugins\org.eclipse.justj.openjdk.hotspot.jre.full.win32.x86_64_17.0.4.v20220903-1038\jre\bin\java.dll
0x00007ffb34c70000 - 0x00007ffb34c88000 	E:\Programas\Spring\sts-4.16.0.RELEASE\plugins\org.eclipse.justj.openjdk.hotspot.jre.full.win32.x86_64_17.0.4.v20220903-1038\jre\bin\zip.dll
0x00007ffb52490000 - 0x00007ffb52bd3000 	C:\WINDOWS\System32\SHELL32.dll
0x00007ffb4f760000 - 0x00007ffb4fef5000 	C:\WINDOWS\SYSTEM32\windows.storage.dll
0x00007ffb52c50000 - 0x00007ffb52fa4000 	C:\WINDOWS\System32\combase.dll
0x00007ffb51030000 - 0x00007ffb51060000 	C:\WINDOWS\SYSTEM32\Wldp.dll
0x00007ffb53770000 - 0x00007ffb5381d000 	C:\WINDOWS\System32\SHCORE.dll
0x00007ffb52fb0000 - 0x00007ffb53005000 	C:\WINDOWS\System32\shlwapi.dll
0x00007ffb515f0000 - 0x00007ffb5160f000 	C:\WINDOWS\SYSTEM32\profapi.dll
0x00007ffb4ce60000 - 0x00007ffb4ce6c000 	E:\Programas\Spring\sts-4.16.0.RELEASE\plugins\org.eclipse.justj.openjdk.hotspot.jre.full.win32.x86_64_17.0.4.v20220903-1038\jre\bin\dt_socket.dll
0x00007ffb50ad0000 - 0x00007ffb50b0b000 	C:\WINDOWS\SYSTEM32\IPHLPAPI.DLL
0x00007ffb50e10000 - 0x00007ffb50e7a000 	C:\WINDOWS\system32\mswsock.dll
0x00007ffb50b10000 - 0x00007ffb50bda000 	C:\WINDOWS\SYSTEM32\DNSAPI.dll
0x00007ffb52010000 - 0x00007ffb52018000 	C:\WINDOWS\System32\NSI.dll
0x00007ffb49120000 - 0x00007ffb4912a000 	C:\Windows\System32\rasadhlp.dll
0x00007ffb48f80000 - 0x00007ffb49000000 	C:\WINDOWS\System32\fwpuclnt.dll
0x00007ffb51a90000 - 0x00007ffb51ab7000 	C:\WINDOWS\System32\bcrypt.dll
0x00007ffb33ed0000 - 0x00007ffb33ee9000 	E:\Programas\Spring\sts-4.16.0.RELEASE\plugins\org.eclipse.justj.openjdk.hotspot.jre.full.win32.x86_64_17.0.4.v20220903-1038\jre\bin\net.dll
0x00007ffb49480000 - 0x00007ffb4958a000 	C:\WINDOWS\SYSTEM32\WINHTTP.dll
0x00007ffb33ce0000 - 0x00007ffb33cf5000 	E:\Programas\Spring\sts-4.16.0.RELEASE\plugins\org.eclipse.justj.openjdk.hotspot.jre.full.win32.x86_64_17.0.4.v20220903-1038\jre\bin\nio.dll
0x00007ffb30e00000 - 0x00007ffb30e09000 	E:\Programas\Spring\sts-4.16.0.RELEASE\plugins\org.eclipse.justj.openjdk.hotspot.jre.full.win32.x86_64_17.0.4.v20220903-1038\jre\bin\management.dll
0x00007ffb30df0000 - 0x00007ffb30dfb000 	E:\Programas\Spring\sts-4.16.0.RELEASE\plugins\org.eclipse.justj.openjdk.hotspot.jre.full.win32.x86_64_17.0.4.v20220903-1038\jre\bin\management_ext.dll
0x00007ffb0fc50000 - 0x00007ffb0fc67000 	C:\WINDOWS\system32\napinsp.dll
0x00007ffb0fc30000 - 0x00007ffb0fc4b000 	C:\WINDOWS\system32\pnrpnsp.dll
0x00007ffb29510000 - 0x00007ffb29525000 	C:\WINDOWS\system32\wshbth.dll
0x00007ffb4cd50000 - 0x00007ffb4cd6d000 	C:\WINDOWS\system32\NLAapi.dll
0x00007ffb0fc10000 - 0x00007ffb0fc22000 	C:\WINDOWS\System32\winrnr.dll
0x00007ffb51070000 - 0x00007ffb51088000 	C:\WINDOWS\SYSTEM32\CRYPTSP.dll
0x00007ffb50740000 - 0x00007ffb50774000 	C:\WINDOWS\system32\rsaenh.dll
0x00007ffb515b0000 - 0x00007ffb515de000 	C:\WINDOWS\SYSTEM32\USERENV.dll
0x00007ffb50fa0000 - 0x00007ffb50fac000 	C:\WINDOWS\SYSTEM32\CRYPTBASE.dll
0x00007ffb4b220000 - 0x00007ffb4b237000 	C:\WINDOWS\SYSTEM32\dhcpcsvc6.DLL
0x00007ffb4b200000 - 0x00007ffb4b21d000 	C:\WINDOWS\SYSTEM32\dhcpcsvc.DLL
0x00007ffb33d70000 - 0x00007ffb33d80000 	E:\Programas\Spring\sts-4.16.0.RELEASE\plugins\org.eclipse.justj.openjdk.hotspot.jre.full.win32.x86_64_17.0.4.v20220903-1038\jre\bin\verify.dll
0x00007ffb4c630000 - 0x00007ffb4c63e000 	E:\Programas\Spring\sts-4.16.0.RELEASE\plugins\org.eclipse.justj.openjdk.hotspot.jre.full.win32.x86_64_17.0.4.v20220903-1038\jre\bin\sunmscapi.dll
0x00007ffb51930000 - 0x00007ffb51a86000 	C:\WINDOWS\System32\CRYPT32.dll
0x00007ffb51180000 - 0x00007ffb511a7000 	C:\WINDOWS\SYSTEM32\ncrypt.dll
0x00007ffb51140000 - 0x00007ffb5117b000 	C:\WINDOWS\SYSTEM32\NTASN1.dll
0x00007ffb4ce50000 - 0x00007ffb4ce57000 	C:\WINDOWS\system32\wshunix.dll

dbghelp: loaded successfully - version: 4.0.5 - missing functions: none
symbol engine: initialized successfully - sym options: 0x614 - pdb path: .;E:\Programas\Spring\sts-4.16.0.RELEASE\plugins\org.eclipse.justj.openjdk.hotspot.jre.full.win32.x86_64_17.0.4.v20220903-1038\jre\bin;C:\WINDOWS\SYSTEM32;C:\WINDOWS\WinSxS\amd64_microsoft.windows.common-controls_6595b64144ccf1df_6.0.19041.1110_none_60b5254171f9507e;E:\Programas\Spring\sts-4.16.0.RELEASE\plugins\org.eclipse.justj.openjdk.hotspot.jre.full.win32.x86_64_17.0.4.v20220903-1038\jre\bin\server

VM Arguments:
jvm_args: -XX:+ShowCodeDetailsInExceptionMessages -agentlib:jdwp=transport=dt_socket,suspend=y,address=localhost:57415 -Dcom.sun.management.jmxremote -Dcom.sun.management.jmxremote.port=57413 -Dcom.sun.management.jmxremote.authenticate=false -Dcom.sun.management.jmxremote.ssl=false -Djava.rmi.server.hostname=localhost -Dspring.jmx.enabled=true -Dspring.application.admin.enabled=true -XX:TieredStopAtLevel=1 -Dspring.boot.project.name=Pandemic -javaagent:E:\Programas\Spring\sts-4.16.0.RELEASE\configuration\org.eclipse.osgi\268\0\.cp\lib\javaagent-shaded.jar -Dfile.encoding=UTF-8 
java_command: es.project.Pandemic.Aplicacion.PandemicAplicacion --spring.output.ansi.enabled=always
java_class_path (initial): C:\Users\Fernando\Desktop\TFG Nuevo\BackConWebSecurityConfigurer\target\classes;C:\Users\Fernando\.m2\repository\org\springframework\boot\spring-boot-starter-data-jpa\2.7.3\spring-boot-starter-data-jpa-2.7.3.jar;C:\Users\Fernando\.m2\repository\org\springframework\boot\spring-boot-starter-aop\2.7.3\spring-boot-starter-aop-2.7.3.jar;C:\Users\Fernando\.m2\repository\org\aspectj\aspectjweaver\1.9.7\aspectjweaver-1.9.7.jar;C:\Users\Fernando\.m2\repository\org\springframework\boot\spring-boot-starter-jdbc\2.7.3\spring-boot-starter-jdbc-2.7.3.jar;C:\Users\Fernando\.m2\repository\com\zaxxer\HikariCP\4.0.3\HikariCP-4.0.3.jar;C:\Users\Fernando\.m2\repository\org\springframework\spring-jdbc\5.3.22\spring-jdbc-5.3.22.jar;C:\Users\Fernando\.m2\repository\jakarta\transaction\jakarta.transaction-api\1.3.3\jakarta.transaction-api-1.3.3.jar;C:\Users\Fernando\.m2\repository\jakarta\persistence\jakarta.persistence-api\2.2.3\jakarta.persistence-api-2.2.3.jar;C:\Users\Fernando\.m2\repository\org\hibernate\hibernate-core\5.6.10.Final\hibernate-core-5.6.10.Final.jar;C:\Users\Fernando\.m2\repository\org\jboss\logging\jboss-logging\3.4.3.Final\jboss-logging-3.4.3.Final.jar;C:\Users\Fernando\.m2\repository\net\bytebuddy\byte-buddy\1.12.13\byte-buddy-1.12.13.jar;C:\Users\Fernando\.m2\repository\antlr\antlr\2.7.7\antlr-2.7.7.jar;C:\Users\Fernando\.m2\repository\org\jboss\jandex\2.4.2.Final\jandex-2.4.2.Final.jar;C:\Users\Fernando\.m2\repository\org\hibernate\common\hibernate-commons-annotations\5.1.2.Final\hibernate-commons-annotations-5.1.2.Final.jar;C:\Users\Fernando\.m2\repository\org\glassfish\jaxb\jaxb-runtime\2.3.6\jaxb-runtime-2.3.6.jar;C:\Users\Fernando\.m2\repository\org\glassfish\jaxb\txw2\2.3.6\txw2-2.3.6.jar;C:\Users\Fernando\.m2\repository\com\sun\istack\istack-commons-runtime\3.0.12\istack-commons-runtime-3.0.12.jar;C:\Users\Fernando\.m2\repository\com\sun\activation\jakarta.activation\1.2.2\jakarta.activation-1.2.2.jar;C:\Users\Fernando\.m2\reposito
Launcher Type: SUN_STANDARD

[Global flags]
     intx CICompilerCount                          = 12                                        {product} {ergonomic}
     uint ConcGCThreads                            = 3                                         {product} {ergonomic}
     uint G1ConcRefinementThreads                  = 13                                        {product} {ergonomic}
   size_t G1HeapRegionSize                         = 2097152                                   {product} {ergonomic}
    uintx GCDrainStackTargetSize                   = 64                                        {product} {ergonomic}
   size_t InitialHeapSize                          = 268435456                                 {product} {ergonomic}
     bool ManagementServer                         = true                                      {product} {command line}
   size_t MarkStackSize                            = 4194304                                   {product} {ergonomic}
   size_t MaxHeapSize                              = 4273995776                                {product} {ergonomic}
   size_t MaxNewSize                               = 2562719744                                {product} {ergonomic}
   size_t MinHeapDeltaBytes                        = 2097152                                   {product} {ergonomic}
   size_t MinHeapSize                              = 8388608                                   {product} {ergonomic}
    uintx NonProfiledCodeHeapSize                  = 0                                      {pd product} {ergonomic}
     bool ProfileInterpreter                       = false                                  {pd product} {command line}
    uintx ProfiledCodeHeapSize                     = 0                                      {pd product} {ergonomic}
     bool ShowCodeDetailsInExceptionMessages       = true                                   {manageable} {command line}
   size_t SoftMaxHeapSize                          = 4273995776                             {manageable} {ergonomic}
     intx TieredStopAtLevel                        = 1                                         {product} {command line}
     bool UseCompressedClassPointers               = true                           {product lp64_product} {ergonomic}
     bool UseCompressedOops                        = true                           {product lp64_product} {ergonomic}
     bool UseG1GC                                  = true                                      {product} {ergonomic}
     bool UseLargePagesIndividualAllocation        = false                                  {pd product} {ergonomic}

Logging:
Log output configuration:
 #0: stdout all=warning uptime,level,tags
 #1: stderr all=off uptime,level,tags

Environment Variables:
JAVA_HOME=C:\Program Files\Java\jdk-19
PATH=E:\Programas\Spring\sts-4.16.0.RELEASE\plugins\org.eclipse.justj.openjdk.hotspot.jre.full.win32.x86_64_17.0.4.v20220903-1038\jre\bin;E:/Programas/Spring/sts-4.16.0.RELEASE//plugins/org.eclipse.justj.openjdk.hotspot.jre.full.win32.x86_64_17.0.4.v20220903-1038/jre/bin/server;E:/Programas/Spring/sts-4.16.0.RELEASE//plugins/org.eclipse.justj.openjdk.hotspot.jre.full.win32.x86_64_17.0.4.v20220903-1038/jre/bin;C:\Program Files\Common Files\Oracle\Java\javapath;C:\Program Files (x86)\Common Files\Oracle\Java\javapath;C:\Windows\system32;C:\Windows;C:\Windows\System32\Wbem;C:\Windows\System32\WindowsPowerShell\v1.0\;C:\Windows\System32\OpenSSH\;C:\Program Files\NVIDIA Corporation\NVIDIA NvDLISR;C:\WINDOWS\system32;C:\WINDOWS;C:\WINDOWS\System32\Wbem;C:\WINDOWS\System32\WindowsPowerShell\v1.0\;C:\WINDOWS\System32\OpenSSH\;C:\Program Files (x86)\NVIDIA Corporation\PhysX\Common;E:\Programas\Nodejs\;E:\Programas\Git\cmd;C:\Program Files\Docker\Docker\resources\bin;C:\ProgramData\DockerDesktop\version-bin;C:\WINDOWS\system32;C:\WINDOWS;C:\WINDOWS\System32\Wbem;C:\WINDOWS\System32\WindowsPowerShell\v1.0\;C:\WINDOWS\System32\OpenSSH\;E:\Programas\Maven\bin;E:\Programas\PostgresSQL\14\bin;E:\Programas\PostgresSQL\14\lib;C:\Program Files\Java\jdk-19\bin;C:\Users\Fernando\AppData\Local\Microsoft\WindowsApps;C:\Users\Fernando\AppData\Local\GitHubDesktop\bin;C:\Users\Fernando\AppData\Roaming\npm;E:\Programas\Microsoft VS Code\bin;E:\Programas\GitHubDesktop\bin;E:\Programas\Spring\sts-4.16.0.RELEASE;
USERNAME=Fernando
OS=Windows_NT
PROCESSOR_IDENTIFIER=Intel64 Family 6 Model 158 Stepping 12, GenuineIntel
TMP=C:\Users\Fernando\AppData\Local\Temp
TEMP=C:\Users\Fernando\AppData\Local\Temp



---------------  S Y S T E M  ---------------

OS:
 Windows 10 , 64 bit Build 19041 (10.0.19041.1889)
OS uptime: 0 days 2:45 hours
Hyper-V role detected

CPU: total 16 (initial active 16) (8 cores per cpu, 2 threads per core) family 6 model 158 stepping 12 microcode 0xd6, cx8, cmov, fxsr, ht, mmx, 3dnowpref, sse, sse2, sse3, ssse3, sse4.1, sse4.2, popcnt, lzcnt, tsc, tscinvbit, avx, avx2, aes, erms, clmul, bmi1, bmi2, rtm, adx, fma, vzeroupper, clflush, clflushopt, hv

Memory: 4k page, system-wide physical 16302M (4454M free)
TotalPageFile size 23470M (AvailPageFile size 3265M)
current process WorkingSet (physical memory assigned to process): 285M, peak: 285M
current process commit charge ("private bytes"): 400M, peak: 401M

vm_info: OpenJDK 64-Bit Server VM (17.0.4.1+1) for windows-amd64 JRE (17.0.4.1+1), built on Aug 17 2022 07:42:43 by "temurin" with MS VC++ 16.7 (VS2019)

END.
